{"uid":"9cb8dad0e2a0b693","name":"Correctness of the search summary and term","fullName":"features/f01.feature:F01 Searching – Correctness:Correctness of the search summary and term","historyId":"d29e2d2256d8ec6e3eb8b8df9532cd0e","time":{"start":1678042975194,"stop":1678042975551,"duration":357},"description":"","status":"failed","statusMessage":"Expected values to be strictly equal:\n+ actual - expected\n\n+ 'Showing 1 of 3 customers'\n- 'wrong expected result'","statusTrace":"AssertionError [ERR_ASSERTION]: Expected values to be strictly equal:\n+ actual - expected\n\n+ 'Showing 1 of 3 customers'\n- 'wrong expected result'\n    at World.<anonymous> (/home/runner/work/sample-typescript-cucumberjs-selenium-old/sample-typescript-cucumberjs-selenium-old/dist/step_definitions/step_definitions.js:45:26)\n    at Generator.next (<anonymous>)\n    at fulfilled (/home/runner/work/sample-typescript-cucumberjs-selenium-old/sample-typescript-cucumberjs-selenium-old/dist/step_definitions/step_definitions.js:5:58)\n    at process.processTicksAndRejections (node:internal/process/task_queues:95:5)","flaky":false,"newFailed":false,"newBroken":false,"newPassed":false,"retriesCount":0,"retriesStatusChange":false,"beforeStages":[],"testStage":{"description":"","status":"failed","statusMessage":"Expected values to be strictly equal:\n+ actual - expected\n\n+ 'Showing 1 of 3 customers'\n- 'wrong expected result'","statusTrace":"AssertionError [ERR_ASSERTION]: Expected values to be strictly equal:\n+ actual - expected\n\n+ 'Showing 1 of 3 customers'\n- 'wrong expected result'\n    at World.<anonymous> (/home/runner/work/sample-typescript-cucumberjs-selenium-old/sample-typescript-cucumberjs-selenium-old/dist/step_definitions/step_definitions.js:45:26)\n    at Generator.next (<anonymous>)\n    at fulfilled (/home/runner/work/sample-typescript-cucumberjs-selenium-old/sample-typescript-cucumberjs-selenium-old/dist/step_definitions/step_definitions.js:5:58)\n    at process.processTicksAndRejections (node:internal/process/task_queues:95:5)","steps":[{"name":"Given the user is on the page","time":{"start":1678042975194,"stop":1678042975253,"duration":59},"status":"passed","steps":[],"attachments":[],"parameters":[],"stepsCount":0,"attachmentsCount":0,"shouldDisplayMessage":false,"hasContent":false},{"name":"When the user enters the value \"<Athens>\" in the text-input","time":{"start":1678042975253,"stop":1678042975316,"duration":63},"status":"passed","steps":[],"attachments":[],"parameters":[],"stepsCount":0,"attachmentsCount":0,"shouldDisplayMessage":false,"hasContent":false},{"name":"And the user selects value \"<City>\" in the drop-down","time":{"start":1678042975316,"stop":1678042975348,"duration":32},"status":"passed","steps":[],"attachments":[],"parameters":[],"stepsCount":0,"attachmentsCount":0,"shouldDisplayMessage":false,"hasContent":false},{"name":"And the user sets case sensitivity switch to \"<True>\"","time":{"start":1678042975348,"stop":1678042975426,"duration":78},"status":"passed","steps":[],"attachments":[],"parameters":[],"stepsCount":0,"attachmentsCount":0,"shouldDisplayMessage":false,"hasContent":false},{"name":"Then the user should see the following result summary \"<wrong expected result>\"","time":{"start":1678042975426,"stop":1678042975461,"duration":35},"status":"failed","statusMessage":"Expected values to be strictly equal:\n+ actual - expected\n\n+ 'Showing 1 of 3 customers'\n- 'wrong expected result'","statusTrace":"AssertionError [ERR_ASSERTION]: Expected values to be strictly equal:\n+ actual - expected\n\n+ 'Showing 1 of 3 customers'\n- 'wrong expected result'\n    at World.<anonymous> (/home/runner/work/sample-typescript-cucumberjs-selenium-old/sample-typescript-cucumberjs-selenium-old/dist/step_definitions/step_definitions.js:45:26)\n    at Generator.next (<anonymous>)\n    at fulfilled (/home/runner/work/sample-typescript-cucumberjs-selenium-old/sample-typescript-cucumberjs-selenium-old/dist/step_definitions/step_definitions.js:5:58)\n    at process.processTicksAndRejections (node:internal/process/task_queues:95:5)","steps":[],"attachments":[],"parameters":[],"stepsCount":0,"attachmentsCount":0,"shouldDisplayMessage":true,"hasContent":true},{"name":"And the user should see that the search term is \"<intentionally incorrect>\"","time":{"start":1678042975461,"stop":1678042975461,"duration":0},"status":"skipped","steps":[],"attachments":[],"parameters":[],"stepsCount":0,"attachmentsCount":0,"shouldDisplayMessage":false,"hasContent":false}],"attachments":[],"parameters":[],"stepsCount":6,"attachmentsCount":0,"shouldDisplayMessage":false,"hasContent":true},"afterStages":[{"time":{},"status":"broken","steps":[{"name":"After: dist/support/hook.js:26","time":{"start":1678042975461,"stop":1678042975550,"duration":89},"status":"passed","steps":[],"attachments":[{"uid":"71a1a40a615f16e5","name":"attached","source":"71a1a40a615f16e5.png","type":"image/png","size":25317}],"parameters":[],"stepsCount":0,"attachmentsCount":1,"shouldDisplayMessage":false,"hasContent":true}],"attachments":[],"parameters":[],"stepsCount":1,"attachmentsCount":1,"shouldDisplayMessage":false,"hasContent":true}],"labels":[{"name":"thread","value":"2292"},{"name":"feature","value":"F01 Searching – Correctness"},{"name":"resultFormat","value":"allure2"}],"parameters":[{"name":"Case","value":"True"},{"name":"Column","value":"City"},{"name":"Search","value":"Athens"},{"name":"Summary","value":"wrong expected result"},{"name":"searchTerm","value":"intentionally incorrect"}],"links":[],"hidden":false,"retry":false,"extra":{"severity":"normal","retries":[],"categories":[{"name":"Product defects","matchedStatuses":[],"flaky":false}],"tags":[]},"source":"9cb8dad0e2a0b693.json","parameterValues":["True","City","Athens","wrong expected result","intentionally incorrect"]}